#
# There is insufficient memory for the Java Runtime Environment to continue.
# Native memory allocation (mmap) failed to map 268435456 bytes for G1 virtual space
# Possible reasons:
#   The system is out of physical RAM or swap space
#   The process is running with CompressedOops enabled, and the Java Heap may be blocking the growth of the native heap
# Possible solutions:
#   Reduce memory load on the system
#   Increase physical memory or swap space
#   Check if swap backing store is full
#   Decrease Java heap size (-Xmx/-Xms)
#   Decrease number of Java threads
#   Decrease Java thread stack sizes (-Xss)
#   Set larger code cache with -XX:ReservedCodeCacheSize=
#   JVM is running with Zero Based Compressed Oops mode in which the Java heap is
#     placed in the first 32GB address space. The Java Heap base address is the
#     maximum limit for the native heap growth. Please use -XX:HeapBaseMinAddress
#     to set the Java Heap base and to place the Java Heap above 32GB virtual address.
# This output file may be truncated or incomplete.
#
#  Out of Memory Error (os_windows.cpp:3532), pid=43324, tid=43384
#
# JRE version:  (17.0.2+8) (build )
# Java VM: OpenJDK 64-Bit Server VM (17.0.2+8, mixed mode, sharing, tiered, compressed oops, compressed class ptrs, g1 gc, windows-amd64)
# No core dump will be written. Minidumps are not enabled by default on client versions of Windows
#

---------------  S U M M A R Y ------------

Command Line: -Dfile.encoding=Cp1252 -XX:+ShowCodeDetailsInExceptionMessages controlePonto.main.ControlePonto

Host: AMD Ryzen 5 5600X 6-Core Processor             , 12 cores, 15G,  Windows 10 , 64 bit Build 19041 (10.0.19041.1466)
Time: Fri May 20 22:17:06 2022 Hora oficial do Brasil elapsed time: 0.006106 seconds (0d 0h 0m 0s)

---------------  T H R E A D  ---------------

Current thread (0x000001637332b180):  JavaThread "Unknown thread" [_thread_in_vm, id=43384, stack(0x0000002705b00000,0x0000002705c00000)]

Stack: [0x0000002705b00000,0x0000002705c00000]
Native frames: (J=compiled Java code, j=interpreted, Vv=VM code, C=native code)
V  [jvm.dll+0x67564a]
V  [jvm.dll+0x82fc04]
V  [jvm.dll+0x8313ae]
V  [jvm.dll+0x831a13]
V  [jvm.dll+0x245235]
V  [jvm.dll+0x672539]
V  [jvm.dll+0x666e82]
V  [jvm.dll+0x30401b]
V  [jvm.dll+0x30b566]
V  [jvm.dll+0x35b1fe]
V  [jvm.dll+0x35b42f]
V  [jvm.dll+0x2daf58]
V  [jvm.dll+0x2dbec4]
V  [jvm.dll+0x801881]
V  [jvm.dll+0x368f81]
V  [jvm.dll+0x7e0cdc]
V  [jvm.dll+0x3eb8bf]
V  [jvm.dll+0x3ed441]
C  [jli.dll+0x5277]
C  [ucrtbase.dll+0x21bb2]
C  [KERNEL32.DLL+0x17034]
C  [ntdll.dll+0x52651]


---------------  P R O C E S S  ---------------

Threads class SMR info:
_java_thread_list=0x00007ffffbe65e98, length=0, elements={
}

Java Threads: ( => current thread )

Other Threads:
  0x000001637337b550 GCTaskThread "GC Thread#0" [stack: 0x0000002705c00000,0x0000002705d00000] [id=43388]
  0x000001637338ee90 ConcurrentGCThread "G1 Main Marker" [stack: 0x0000002705d00000,0x0000002705e00000] [id=43392]
  0x000001637338f7a0 ConcurrentGCThread "G1 Conc#0" [stack: 0x0000002705e00000,0x0000002705f00000] [id=43396]

[error occurred during error reporting (printing all threads), id 0xc0000005, EXCEPTION_ACCESS_VIOLATION (0xc0000005) at pc=0x00007ffffb63b9d7]

VM state: not at safepoint (not fully initialized)

VM Mutex/Monitor currently owned by a thread:  ([mutex/lock_event])
[0x00000163733268f0] Heap_lock - owner thread: 0x000001637332b180

Heap address: 0x0000000700c00000, size: 4084 MB, Compressed Oops mode: Zero based, Oop shift amount: 3

CDS archive(s) mapped at: [0x0000000000000000-0x0000000000000000-0x0000000000000000), size 0, SharedBaseAddress: 0x0000000800000000, ArchiveRelocationMode: 0.
Narrow klass base: 0x0000000000000000, Narrow klass shift: 0, Narrow klass range: 0x0

GC Precious Log:
<Empty>

Heap:
 garbage-first heap   total 0K, used 0K [0x0000000700c00000, 0x0000000800000000)
  region size 2048K, 0 young (0K), 0 survivors (0K)

[error occurred during error reporting (printing heap information), id 0xc0000005, EXCEPTION_ACCESS_VIOLATION (0xc0000005) at pc=0x00007ffffba1e899]

GC Heap History (0 events):
No events

Deoptimization events (0 events):
No events

Classes unloaded (0 events):
No events

Classes redefined (0 events):
No events

Internal exceptions (0 events):
No events

VM Operations (0 events):
No events

Events (1 events):
Event: 0.003 Loaded shared library C:\Users\MoriInfo\.p2\pool\plugins\org.eclipse.justj.openjdk.hotspot.jre.full.win32.x86_64_17.0.2.v20220201-1208\jre\bin\java.dll


Dynamic libraries:
0x00007ff721c80000 - 0x00007ff721c8e000 	C:\Users\MoriInfo\.p2\pool\plugins\org.eclipse.justj.openjdk.hotspot.jre.full.win32.x86_64_17.0.2.v20220201-1208\jre\bin\javaw.exe
0x00007ff839e70000 - 0x00007ff83a065000 	C:\WINDOWS\SYSTEM32\ntdll.dll
0x00007ff839b30000 - 0x00007ff839bee000 	C:\WINDOWS\System32\KERNEL32.DLL
0x00007ff8376f0000 - 0x00007ff8379b8000 	C:\WINDOWS\System32\KERNELBASE.dll
0x00007ff837c00000 - 0x00007ff837d00000 	C:\WINDOWS\System32\ucrtbase.dll
0x00007ff81f1c0000 - 0x00007ff81f1d8000 	C:\Users\MoriInfo\.p2\pool\plugins\org.eclipse.justj.openjdk.hotspot.jre.full.win32.x86_64_17.0.2.v20220201-1208\jre\bin\jli.dll
0x00007ff81df50000 - 0x00007ff81df69000 	C:\Users\MoriInfo\.p2\pool\plugins\org.eclipse.justj.openjdk.hotspot.jre.full.win32.x86_64_17.0.2.v20220201-1208\jre\bin\VCRUNTIME140.dll
0x00007ff8391e0000 - 0x00007ff839381000 	C:\WINDOWS\System32\USER32.dll
0x00007ff8245e0000 - 0x00007ff82487a000 	C:\WINDOWS\WinSxS\amd64_microsoft.windows.common-controls_6595b64144ccf1df_6.0.19041.1110_none_60b5254171f9507e\COMCTL32.dll
0x00007ff837da0000 - 0x00007ff837dc2000 	C:\WINDOWS\System32\win32u.dll
0x00007ff839390000 - 0x00007ff83942e000 	C:\WINDOWS\System32\msvcrt.dll
0x00007ff838b30000 - 0x00007ff838b5b000 	C:\WINDOWS\System32\GDI32.dll
0x00007ff8375e0000 - 0x00007ff8376ed000 	C:\WINDOWS\System32\gdi32full.dll
0x00007ff837d00000 - 0x00007ff837d9d000 	C:\WINDOWS\System32\msvcp_win.dll
0x00007ff837eb0000 - 0x00007ff837ee0000 	C:\WINDOWS\System32\IMM32.DLL
0x00007ff832b00000 - 0x00007ff832b0c000 	C:\Users\MoriInfo\.p2\pool\plugins\org.eclipse.justj.openjdk.hotspot.jre.full.win32.x86_64_17.0.2.v20220201-1208\jre\bin\vcruntime140_1.dll
0x00007ff817c60000 - 0x00007ff817cf1000 	C:\Users\MoriInfo\.p2\pool\plugins\org.eclipse.justj.openjdk.hotspot.jre.full.win32.x86_64_17.0.2.v20220201-1208\jre\bin\msvcp140.dll
0x00007ffffb350000 - 0x00007ffffbf97000 	C:\Users\MoriInfo\.p2\pool\plugins\org.eclipse.justj.openjdk.hotspot.jre.full.win32.x86_64_17.0.2.v20220201-1208\jre\bin\server\jvm.dll
0x00007ff839060000 - 0x00007ff83910e000 	C:\WINDOWS\System32\ADVAPI32.dll
0x00007ff839a90000 - 0x00007ff839b2c000 	C:\WINDOWS\System32\sechost.dll
0x00007ff8386a0000 - 0x00007ff8387c5000 	C:\WINDOWS\System32\RPCRT4.dll
0x00007ff837ee0000 - 0x00007ff837ee8000 	C:\WINDOWS\System32\PSAPI.DLL
0x00007ff832970000 - 0x00007ff832979000 	C:\WINDOWS\SYSTEM32\WSOCK32.dll
0x00007ff82fec0000 - 0x00007ff82fee7000 	C:\WINDOWS\SYSTEM32\WINMM.dll
0x00007ff830440000 - 0x00007ff83044a000 	C:\WINDOWS\SYSTEM32\VERSION.dll
0x00007ff839110000 - 0x00007ff83917b000 	C:\WINDOWS\System32\WS2_32.dll
0x00007ff835490000 - 0x00007ff8354a2000 	C:\WINDOWS\SYSTEM32\kernel.appcore.dll
0x00007ff831f60000 - 0x00007ff831f6a000 	C:\Users\MoriInfo\.p2\pool\plugins\org.eclipse.justj.openjdk.hotspot.jre.full.win32.x86_64_17.0.2.v20220201-1208\jre\bin\jimage.dll
0x00007ff8259f0000 - 0x00007ff825bd4000 	C:\WINDOWS\SYSTEM32\DBGHELP.DLL
0x00007ff8211a0000 - 0x00007ff8211cc000 	C:\WINDOWS\SYSTEM32\dbgcore.DLL
0x00007ff8379c0000 - 0x00007ff837a42000 	C:\WINDOWS\System32\bcryptPrimitives.dll
0x00007ff828290000 - 0x00007ff8282b5000 	C:\Users\MoriInfo\.p2\pool\plugins\org.eclipse.justj.openjdk.hotspot.jre.full.win32.x86_64_17.0.2.v20220201-1208\jre\bin\java.dll

dbghelp: loaded successfully - version: 4.0.5 - missing functions: none
symbol engine: initialized successfully - sym options: 0x614 - pdb path: .;C:\Users\MoriInfo\.p2\pool\plugins\org.eclipse.justj.openjdk.hotspot.jre.full.win32.x86_64_17.0.2.v20220201-1208\jre\bin;C:\WINDOWS\SYSTEM32;C:\WINDOWS\WinSxS\amd64_microsoft.windows.common-controls_6595b64144ccf1df_6.0.19041.1110_none_60b5254171f9507e;C:\Users\MoriInfo\.p2\pool\plugins\org.eclipse.justj.openjdk.hotspot.jre.full.win32.x86_64_17.0.2.v20220201-1208\jre\bin\server

VM Arguments:
jvm_args: -Dfile.encoding=Cp1252 -XX:+ShowCodeDetailsInExceptionMessages 
java_command: controlePonto.main.ControlePonto
java_class_path (initial): C:\Users\MoriInfo\Documents\Giovani\controlePonto\bin
Launcher Type: SUN_STANDARD

[Global flags]
     intx CICompilerCount                          = 4                                         {product} {ergonomic}
     uint ConcGCThreads                            = 3                                         {product} {ergonomic}
     uint G1ConcRefinementThreads                  = 10                                        {product} {ergonomic}
   size_t G1HeapRegionSize                         = 2097152                                   {product} {ergonomic}
    uintx GCDrainStackTargetSize                   = 64                                        {product} {ergonomic}
   size_t InitialHeapSize                          = 268435456                                 {product} {ergonomic}
   size_t MarkStackSize                            = 4194304                                   {product} {ergonomic}
   size_t MaxHeapSize                              = 4282384384                                {product} {ergonomic}
   size_t MinHeapDeltaBytes                        = 2097152                                   {product} {ergonomic}
   size_t MinHeapSize                              = 8388608                                   {product} {ergonomic}
    uintx NonNMethodCodeHeapSize                   = 5839372                                {pd product} {ergonomic}
    uintx NonProfiledCodeHeapSize                  = 122909434                              {pd product} {ergonomic}
    uintx ProfiledCodeHeapSize                     = 122909434                              {pd product} {ergonomic}
    uintx ReservedCodeCacheSize                    = 251658240                              {pd product} {ergonomic}
     bool SegmentedCodeCache                       = true                                      {product} {ergonomic}
     bool ShowCodeDetailsInExceptionMessages       = true                                   {manageable} {command line}
   size_t SoftMaxHeapSize                          = 4282384384                             {manageable} {ergonomic}
     bool UseCompressedClassPointers               = true                           {product lp64_product} {ergonomic}
     bool UseCompressedOops                        = true                           {product lp64_product} {ergonomic}
     bool UseG1GC                                  = true                                      {product} {ergonomic}
     bool UseLargePagesIndividualAllocation        = false                                  {pd product} {ergonomic}

Logging:
Log output configuration:
 #0: stdout all=warning uptime,level,tags
 #1: stderr all=off uptime,level,tags

Environment Variables:
PATH=C:/Users/MoriInfo/.p2/pool/plugins/org.eclipse.justj.openjdk.hotspot.jre.full.win32.x86_64_17.0.2.v20220201-1208/jre/bin/server;C:/Users/MoriInfo/.p2/pool/plugins/org.eclipse.justj.openjdk.hotspot.jre.full.win32.x86_64_17.0.2.v20220201-1208/jre/bin;C:\Program Files\Microsoft\jdk-11.0.12.7-hotspot\bin;C:\ProgramData\Oracle\Java\javapath;C:\WINDOWS\system32;C:\WINDOWS;C:\WINDOWS\System32\Wbem;C:\WINDOWS\System32\WindowsPowerShell\v1.0\;C:\WINDOWS\System32\OpenSSH\;C:\Program Files\NVIDIA Corporation\NVIDIA NvDLISR;C:\Program Files (x86)\NVIDIA Corporation\PhysX\Common;C:\Program Files (x86)\QuickTime\QTSystem\;C:\Program Files\Git\cmd;C:\Program Files\nodejs\;C:\Program Files\Microsoft SQL Server\150\Tools\Binn\;C:\Program Files\Microsoft SQL Server\Client SDK\ODBC\170\Tools\Binn\;C:\Program Files\dotnet\;C:\Users\MoriInfo\AppData\Local\Microsoft\WindowsApps;;C:\Users\MoriInfo\AppData\Local\Programs\Microsoft VS Code\bin;C:\Users\MoriInfo\AppData\Roaming\npm;C:\Users\MoriInfo\.dotnet\tools;C:\WINDOWS\System32;
USERNAME=MoriInfo
OS=Windows_NT
PROCESSOR_IDENTIFIER=AMD64 Family 25 Model 33 Stepping 0, AuthenticAMD



---------------  S Y S T E M  ---------------

OS:
 Windows 10 , 64 bit Build 19041 (10.0.19041.1466)
OS uptime: 23 days 0:10 hours

CPU: total 12 (initial active 12) (12 cores per cpu, 2 threads per core) family 25 model 33 stepping 0 microcode 0x0, cx8, cmov, fxsr, ht, mmx, 3dnowpref, sse, sse2, sse3, ssse3, sse4a, sse4.1, sse4.2, popcnt, lzcnt, tsc, tscinvbit, avx, avx2, aes, erms, clmul, bmi1, bmi2, adx, sha, fma, vzeroupper, clflush, clflushopt

Memory: 4k page, system-wide physical 16328M (3768M free)
TotalPageFile size 65480M (AvailPageFile size 38M)
current process WorkingSet (physical memory assigned to process): 10M, peak: 10M
current process commit charge ("private bytes"): 64M, peak: 320M

vm_info: OpenJDK 64-Bit Server VM (17.0.2+8) for windows-amd64 JRE (17.0.2+8), built on Jan 20 2022 04:52:34 by "" with MS VC++ 16.7 (VS2019)

END.
